./src/mpfung2.f90:4745:9:

 4745 |     l1 = za%mpc(0)
      |         1
Warning: Possible change of value in conversion from INTEGER(8) to INTEGER(4) at (1) [-Wconversion]
./src/mpfung2.f90:4717:9:

 4717 |     l1 = za%mpc(0)
      |         1
Warning: Possible change of value in conversion from INTEGER(8) to INTEGER(4) at (1) [-Wconversion]
./src/mpfung2.f90:4608:9:

 4608 |     l1 = z1%mpc(0)
      |         1
Warning: Possible change of value in conversion from INTEGER(8) to INTEGER(4) at (1) [-Wconversion]
./src/mpfung2.f90:4613:11:

 4613 |       l2 = z2%mpc(0)
      |           1
Warning: Possible change of value in conversion from INTEGER(8) to INTEGER(4) at (1) [-Wconversion]
./src/mpfung2.f90:4619:11:

 4619 |       l3 = z3%mpc(0)
      |           1
Warning: Possible change of value in conversion from INTEGER(8) to INTEGER(4) at (1) [-Wconversion]
./src/mpfung2.f90:4625:11:

 4625 |       l4 = z4%mpc(0)
      |           1
Warning: Possible change of value in conversion from INTEGER(8) to INTEGER(4) at (1) [-Wconversion]
./src/mpfung2.f90:4631:11:

 4631 |       l5 = z5%mpc(0)
      |           1
Warning: Possible change of value in conversion from INTEGER(8) to INTEGER(4) at (1) [-Wconversion]
./src/mpfung2.f90:4566:9:

 4566 |     l1 = za%mpc(0)
      |         1
Warning: Possible change of value in conversion from INTEGER(8) to INTEGER(4) at (1) [-Wconversion]
./src/mpfung2.f90:4529:8:

 4529 |     if (r1%mpr(2) == 0.d0) then
      |        1
Warning: Equality comparison for REAL(8) at (1) [-Wcompare-reals]
./src/mpfung2.f90:3456:8:

 3456 |     if (dt1 /= 0.d0) then
      |        1
Warning: Inequality comparison for REAL(8) at (1) [-Wcompare-reals]
./src/mpfung2.f90:3458:11:

 3458 |       ib = dt2
      |           1
Warning: Possible change of value in conversion from REAL(8) to INTEGER(4) at (1) [-Wconversion]
./src/mpfung2.f90:3362:9:

 3362 |     l1 = za%mpc(0)
      |         1
Warning: Possible change of value in conversion from INTEGER(8) to INTEGER(4) at (1) [-Wconversion]
./src/mpfung2.f90:3330:9:

 3330 |     l1 = za%mpc(0)
      |         1
Warning: Possible change of value in conversion from INTEGER(8) to INTEGER(4) at (1) [-Wconversion]
./src/mpfung2.f90:3288:9:

 3288 |     l1 = za%mpc(0)
      |         1
Warning: Possible change of value in conversion from INTEGER(8) to INTEGER(4) at (1) [-Wconversion]
./src/mpfung2.f90:3273:9:

 3273 |     l1 = za%mpc(0)
      |         1
Warning: Possible change of value in conversion from INTEGER(8) to INTEGER(4) at (1) [-Wconversion]
./src/mpfung2.f90:3258:9:

 3258 |     l1 = za%mpc(0)
      |         1
Warning: Possible change of value in conversion from INTEGER(8) to INTEGER(4) at (1) [-Wconversion]
./src/mpfung2.f90:3227:9:

 3227 |     l1 = za%mpc(0)
      |         1
Warning: Possible change of value in conversion from INTEGER(8) to INTEGER(4) at (1) [-Wconversion]
./src/mpfung2.f90:2867:9:

 2867 |     l1 = za%mpc(0)
      |         1
Warning: Possible change of value in conversion from INTEGER(8) to INTEGER(4) at (1) [-Wconversion]
./src/mpfung2.f90:2793:9:

 2793 |     l1 = za%mpc(0)
      |         1
Warning: Possible change of value in conversion from INTEGER(8) to INTEGER(4) at (1) [-Wconversion]
./src/mpfung2.f90:2354:9:

 2354 |     l1 = za%mpc(0)
      |         1
Warning: Possible change of value in conversion from INTEGER(8) to INTEGER(4) at (1) [-Wconversion]
./src/mpfung2.f90:2335:9:

 2335 |     l2 = zb%mpc(0)
      |         1
Warning: Possible change of value in conversion from INTEGER(8) to INTEGER(4) at (1) [-Wconversion]
./src/mpfung2.f90:2311:9:

 2311 |     l1 = za%mpc(0)
      |         1
Warning: Possible change of value in conversion from INTEGER(8) to INTEGER(4) at (1) [-Wconversion]
./src/mpfung2.f90:2286:9:

 2286 |     l1 = zb%mpc(0)
      |         1
Warning: Possible change of value in conversion from INTEGER(8) to INTEGER(4) at (1) [-Wconversion]
./src/mpfung2.f90:2260:9:

 2260 |     l1 = za%mpc(0)
      |         1
Warning: Possible change of value in conversion from INTEGER(8) to INTEGER(4) at (1) [-Wconversion]
./src/mpfung2.f90:2233:9:

 2233 |     l1 = zb%mpc(0)
      |         1
Warning: Possible change of value in conversion from INTEGER(8) to INTEGER(4) at (1) [-Wconversion]
./src/mpfung2.f90:2210:9:

 2210 |     l1 = za%mpc(0)
      |         1
Warning: Possible change of value in conversion from INTEGER(8) to INTEGER(4) at (1) [-Wconversion]
./src/mpfung2.f90:2211:9:

 2211 |     l2 = zb%mpc(0)
      |         1
Warning: Possible change of value in conversion from INTEGER(8) to INTEGER(4) at (1) [-Wconversion]
./src/mpfung2.f90:2090:9:

 2090 |     l1 = za%mpc(0)
      |         1
Warning: Possible change of value in conversion from INTEGER(8) to INTEGER(4) at (1) [-Wconversion]
./src/mpfung2.f90:2071:9:

 2071 |     l2 = zb%mpc(0)
      |         1
Warning: Possible change of value in conversion from INTEGER(8) to INTEGER(4) at (1) [-Wconversion]
./src/mpfung2.f90:2047:9:

 2047 |     l1 = za%mpc(0)
      |         1
Warning: Possible change of value in conversion from INTEGER(8) to INTEGER(4) at (1) [-Wconversion]
./src/mpfung2.f90:2022:9:

 2022 |     l1 = zb%mpc(0)
      |         1
Warning: Possible change of value in conversion from INTEGER(8) to INTEGER(4) at (1) [-Wconversion]
./src/mpfung2.f90:1996:9:

 1996 |     l1 = za%mpc(0)
      |         1
Warning: Possible change of value in conversion from INTEGER(8) to INTEGER(4) at (1) [-Wconversion]
./src/mpfung2.f90:1969:9:

 1969 |     l1 = zb%mpc(0)
      |         1
Warning: Possible change of value in conversion from INTEGER(8) to INTEGER(4) at (1) [-Wconversion]
./src/mpfung2.f90:1946:9:

 1946 |     l1 = za%mpc(0)
      |         1
Warning: Possible change of value in conversion from INTEGER(8) to INTEGER(4) at (1) [-Wconversion]
./src/mpfung2.f90:1947:9:

 1947 |     l2 = zb%mpc(0)
      |         1
Warning: Possible change of value in conversion from INTEGER(8) to INTEGER(4) at (1) [-Wconversion]
./src/mpfung2.f90:1829:9:

 1829 |     l1 = za%mpc(0)
      |         1
Warning: Possible change of value in conversion from INTEGER(8) to INTEGER(4) at (1) [-Wconversion]
./src/mpfung2.f90:1813:9:

 1813 |     l2 = zb%mpc(0)
      |         1
Warning: Possible change of value in conversion from INTEGER(8) to INTEGER(4) at (1) [-Wconversion]
./src/mpfung2.f90:1795:9:

 1795 |     l1 = za%mpc(0)
      |         1
Warning: Possible change of value in conversion from INTEGER(8) to INTEGER(4) at (1) [-Wconversion]
./src/mpfung2.f90:1796:9:

 1796 |     l2 = zb%mpc(0)
      |         1
Warning: Possible change of value in conversion from INTEGER(8) to INTEGER(4) at (1) [-Wconversion]
./src/mpfung2.f90:1780:9:

 1780 |     l1 = za%mpc(0)
      |         1
Warning: Possible change of value in conversion from INTEGER(8) to INTEGER(4) at (1) [-Wconversion]
./src/mpfung2.f90:1738:9:

 1738 |     l1 = za%mpc(0)
      |         1
Warning: Possible change of value in conversion from INTEGER(8) to INTEGER(4) at (1) [-Wconversion]
./src/mpfung2.f90:1712:9:

 1712 |     l2 = zb%mpc(0)
      |         1
Warning: Possible change of value in conversion from INTEGER(8) to INTEGER(4) at (1) [-Wconversion]
./src/mpfung2.f90:1691:9:

 1691 |     l1 = za%mpc(0)
      |         1
Warning: Possible change of value in conversion from INTEGER(8) to INTEGER(4) at (1) [-Wconversion]
./src/mpfung2.f90:1670:9:

 1670 |     l1 = zb%mpc(0)
      |         1
Warning: Possible change of value in conversion from INTEGER(8) to INTEGER(4) at (1) [-Wconversion]
./src/mpfung2.f90:1648:9:

 1648 |     l1 = za%mpc(0)
      |         1
Warning: Possible change of value in conversion from INTEGER(8) to INTEGER(4) at (1) [-Wconversion]
./src/mpfung2.f90:1625:9:

 1625 |     l1 = zb%mpc(0)
      |         1
Warning: Possible change of value in conversion from INTEGER(8) to INTEGER(4) at (1) [-Wconversion]
./src/mpfung2.f90:1605:9:

 1605 |     l1 = za%mpc(0)
      |         1
Warning: Possible change of value in conversion from INTEGER(8) to INTEGER(4) at (1) [-Wconversion]
./src/mpfung2.f90:1606:9:

 1606 |     l2 = zb%mpc(0)
      |         1
Warning: Possible change of value in conversion from INTEGER(8) to INTEGER(4) at (1) [-Wconversion]
./src/mpfung2.f90:1515:9:

 1515 |     l1 = za%mpc(0)
      |         1
Warning: Possible change of value in conversion from INTEGER(8) to INTEGER(4) at (1) [-Wconversion]
./src/mpfung2.f90:1498:9:

 1498 |     l2 = zb%mpc(0)
      |         1
Warning: Possible change of value in conversion from INTEGER(8) to INTEGER(4) at (1) [-Wconversion]
./src/mpfung2.f90:1478:9:

 1478 |     l1 = za%mpc(0)
      |         1
Warning: Possible change of value in conversion from INTEGER(8) to INTEGER(4) at (1) [-Wconversion]
./src/mpfung2.f90:1457:9:

 1457 |     l1 = zb%mpc(0)
      |         1
Warning: Possible change of value in conversion from INTEGER(8) to INTEGER(4) at (1) [-Wconversion]
./src/mpfung2.f90:1439:9:

 1439 |     l1 = za%mpc(0)
      |         1
Warning: Possible change of value in conversion from INTEGER(8) to INTEGER(4) at (1) [-Wconversion]
./src/mpfung2.f90:1422:9:

 1422 |     l1 = zb%mpc(0)
      |         1
Warning: Possible change of value in conversion from INTEGER(8) to INTEGER(4) at (1) [-Wconversion]
./src/mpfung2.f90:1404:9:

 1404 |     l1 = za%mpc(0)
      |         1
Warning: Possible change of value in conversion from INTEGER(8) to INTEGER(4) at (1) [-Wconversion]
./src/mpfung2.f90:1405:9:

 1405 |     l2 = zb%mpc(0)
      |         1
Warning: Possible change of value in conversion from INTEGER(8) to INTEGER(4) at (1) [-Wconversion]
./src/mpfung2.f90:1321:9:

 1321 |     l1 = za%mpc(0)
      |         1
Warning: Possible change of value in conversion from INTEGER(8) to INTEGER(4) at (1) [-Wconversion]
./src/mpfung2.f90:1292:9:

 1292 |     l1 = za%mpc(0)
      |         1
Warning: Possible change of value in conversion from INTEGER(8) to INTEGER(4) at (1) [-Wconversion]
./src/mpfung2.f90:1274:9:

 1274 |     l2 = zb%mpc(0)
      |         1
Warning: Possible change of value in conversion from INTEGER(8) to INTEGER(4) at (1) [-Wconversion]
./src/mpfung2.f90:1254:9:

 1254 |     l1 = za%mpc(0)
      |         1
Warning: Possible change of value in conversion from INTEGER(8) to INTEGER(4) at (1) [-Wconversion]
./src/mpfung2.f90:1233:9:

 1233 |     l1 = zb%mpc(0)
      |         1
Warning: Possible change of value in conversion from INTEGER(8) to INTEGER(4) at (1) [-Wconversion]
./src/mpfung2.f90:1211:9:

 1211 |     l1 = za%mpc(0)
      |         1
Warning: Possible change of value in conversion from INTEGER(8) to INTEGER(4) at (1) [-Wconversion]
./src/mpfung2.f90:1188:9:

 1188 |     l1 = zb%mpc(0)
      |         1
Warning: Possible change of value in conversion from INTEGER(8) to INTEGER(4) at (1) [-Wconversion]
./src/mpfung2.f90:1168:9:

 1168 |     l1 = za%mpc(0)
      |         1
Warning: Possible change of value in conversion from INTEGER(8) to INTEGER(4) at (1) [-Wconversion]
./src/mpfung2.f90:1169:9:

 1169 |     l2 = zb%mpc(0)
      |         1
Warning: Possible change of value in conversion from INTEGER(8) to INTEGER(4) at (1) [-Wconversion]
./src/mpfung2.f90:1070:9:

 1070 |     l1 = za%mpc(0)
      |         1
Warning: Possible change of value in conversion from INTEGER(8) to INTEGER(4) at (1) [-Wconversion]
./src/mpfung2.f90:1053:9:

 1053 |     l2 = zb%mpc(0)
      |         1
Warning: Possible change of value in conversion from INTEGER(8) to INTEGER(4) at (1) [-Wconversion]
./src/mpfung2.f90:1033:9:

 1033 |     l1 = za%mpc(0)
      |         1
Warning: Possible change of value in conversion from INTEGER(8) to INTEGER(4) at (1) [-Wconversion]
./src/mpfung2.f90:1012:9:

 1012 |     l1 = zb%mpc(0)
      |         1
Warning: Possible change of value in conversion from INTEGER(8) to INTEGER(4) at (1) [-Wconversion]
./src/mpfung2.f90:990:9:

  990 |     l1 = za%mpc(0)
      |         1
Warning: Possible change of value in conversion from INTEGER(8) to INTEGER(4) at (1) [-Wconversion]
./src/mpfung2.f90:967:9:

  967 |     l1 = zb%mpc(0)
      |         1
Warning: Possible change of value in conversion from INTEGER(8) to INTEGER(4) at (1) [-Wconversion]
./src/mpfung2.f90:947:9:

  947 |     l1 = za%mpc(0)
      |         1
Warning: Possible change of value in conversion from INTEGER(8) to INTEGER(4) at (1) [-Wconversion]
./src/mpfung2.f90:948:9:

  948 |     l2 = zb%mpc(0)
      |         1
Warning: Possible change of value in conversion from INTEGER(8) to INTEGER(4) at (1) [-Wconversion]
./src/mpfung2.f90:835:9:

  835 |     l1 = zb%mpc(0)
      |         1
Warning: Possible change of value in conversion from INTEGER(8) to INTEGER(4) at (1) [-Wconversion]
./src/mpfung2.f90:805:9:

  805 |     l1 = zb%mpc(0)
      |         1
Warning: Possible change of value in conversion from INTEGER(8) to INTEGER(4) at (1) [-Wconversion]
./src/mpfung2.f90:775:9:

  775 |     l1 = zb%mpc(0)
      |         1
Warning: Possible change of value in conversion from INTEGER(8) to INTEGER(4) at (1) [-Wconversion]
./src/mpfung2.f90:759:9:

  759 |     l1 = zb%mpc(0)
      |         1
Warning: Possible change of value in conversion from INTEGER(8) to INTEGER(4) at (1) [-Wconversion]
./src/mpfung2.f90:720:9:

  720 |     ia = da * 2.d0 ** ib
      |         1
Warning: Possible change of value in conversion from REAL(8) to INTEGER(4) at (1) [-Wconversion]
./src/mpfung2.f90:700:20:

  700 |   subroutine mp_eqrd (ra, db)
      |                    ^
Warning: 'mp_eqrd' defined but not used [-Wunused-function]
./src/mpfung2.f90:724:20:

  724 |   subroutine mp_eqri (ra, ib)
      |                    ^
Warning: 'mp_eqri' defined but not used [-Wunused-function]
./src/mpfung2.f90:738:20:

  738 |   subroutine mp_eqra (ra, ab)
      |                    ^
Warning: 'mp_eqra' defined but not used [-Wunused-function]
./src/mpfung2.f90:783:20:

  783 |   subroutine mp_eqzd (za, db)
      |                    ^
Warning: 'mp_eqzd' defined but not used [-Wunused-function]
./src/mpfung2.f90:816:21:

  816 |   subroutine mp_eqzdc (za, dcb)
      |                     ^
Warning: 'mp_eqzdc' defined but not used [-Wunused-function]
